<?xml version="1.0" encoding="UTF-8"?>
<!-- Generated by org.testng.reporters.JUnitReportReporter -->
<testsuite hostname="DESKTOP-5HS7ID6" failures="0" tests="1" name="test.com.irexprt.CustomerTest" time="0.000" errors="0" timestamp="3 Dec 2023 19:32:51 GMT">
  <testcase classname="test.com.irexprt.CustomerTest" name="testAccount" time="0.000"/>
</testsuite> <!-- test.com.irexprt.CustomerTest -->
