<?xml version="1.0" encoding="UTF-8"?>
<!-- Generated by org.testng.reporters.JUnitReportReporter -->
<testsuite hostname="DESKTOP-5HS7ID6" failures="0" tests="2" name="test.com.irexprt.AccountTest" time="0.005" errors="0" timestamp="3 Dec 2023 19:32:51 GMT">
  <testcase classname="test.com.irexprt.AccountTest" name="testType" time="0.000"/>
  <testcase classname="test.com.irexprt.AccountTest" name="testBallance" time="0.005"/>
</testsuite> <!-- test.com.irexprt.AccountTest -->
