<?xml version="1.0" encoding="UTF-8"?>
<!-- Generated by org.testng.reporters.JUnitReportReporter -->
<testsuite hostname="DESKTOP-5HS7ID6" failures="0" tests="2" name="test.com.iryna.StudentTest" time="0.009" errors="0" timestamp="28 Nov 2023 20:02:50 GMT">
  <testcase classname="test.com.iryna.StudentTest" name="testGradeFail" time="0.005"/>
  <testcase classname="test.com.iryna.StudentTest" name="testGradePass" time="0.004"/>
</testsuite> <!-- test.com.iryna.StudentTest -->
