<?xml version="1.0" encoding="UTF-8"?>
<!-- Generated by org.testng.reporters.JUnitReportReporter -->
<testsuite hostname="DESKTOP-0C2R2QC" failures="0" tests="2" name="FirstTest" time="3.155" errors="0" timestamp="6 Jan 2024 17:32:24 GMT">
  <testcase classname="FirstTest" name="testInfoTekguide" time="1.334"/>
  <testcase classname="FirstTest" name="testITExpert" time="1.821"/>
</testsuite> <!-- FirstTest -->
