<?xml version="1.0" encoding="UTF-8"?>
<!-- Generated by org.testng.reporters.JUnitReportReporter -->
<testsuite hostname="DESKTOP-0C2R2QC" failures="0" tests="1" name="my.test.proj.MYSeleniumProj1Test" time="2.187" errors="0" timestamp="27 Jan 2024 01:37:38 GMT">
  <testcase classname="my.test.proj.MYSeleniumProj1Test" name="testFacebook" time="2.187"/>
</testsuite> <!-- my.test.proj.MYSeleniumProj1Test -->
