<?xml version="1.0" encoding="UTF-8"?>
<!-- Generated by org.testng.reporters.JUnitReportReporter -->
<testsuite hostname="DESKTOP-0C2R2QC" failures="0" tests="1" name="SampleTest" time="53.426" errors="0" timestamp="6 Jan 2024 19:08:02 GMT">
  <testcase classname="SampleTest" name="testIndeed" time="53.426"/>
</testsuite> <!-- SampleTest -->
