<?xml version="1.0" encoding="UTF-8"?>
<!-- Generated by org.testng.reporters.JUnitReportReporter -->
<testsuite hostname="DESKTOP-5HS7ID6" failures="0" tests="1" name="test.bankproject.iryna.EmployeeTest" time="0.000" errors="0" timestamp="8 Dec 2023 22:42:37 GMT">
  <testcase classname="test.bankproject.iryna.EmployeeTest" name="testEmployee" time="0.000"/>
</testsuite> <!-- test.bankproject.iryna.EmployeeTest -->
