<?xml version="1.0" encoding="UTF-8"?>
<!-- Generated by org.testng.reporters.JUnitReportReporter -->
<testsuite hostname="DESKTOP-5HS7ID6" failures="0" tests="2" name="test.bankproject.iryna.CustomerTest" time="0.000" errors="0" timestamp="8 Dec 2023 22:42:37 GMT">
  <testcase classname="test.bankproject.iryna.CustomerTest" name="testCustomer" time="0.000"/>
  <testcase classname="test.bankproject.iryna.CustomerTest" name="testAccount" time="0.000"/>
</testsuite> <!-- test.bankproject.iryna.CustomerTest -->
