<?xml version="1.0" encoding="UTF-8"?>
<!-- Generated by org.testng.reporters.JUnitReportReporter -->
<testsuite hostname="DESKTOP-5HS7ID6" failures="0" tests="4" name="test.bankproject.iryna.AccountTest" time="0.000" errors="0" timestamp="8 Dec 2023 22:42:37 GMT">
  <testcase classname="test.bankproject.iryna.AccountTest" name="testBallance" time="0.000"/>
  <testcase classname="test.bankproject.iryna.AccountTest" name="testAcctType" time="0.000"/>
  <testcase classname="test.bankproject.iryna.AccountTest" name="testCusId" time="0.000"/>
  <testcase classname="test.bankproject.iryna.AccountTest" name="testAcctNum" time="0.000"/>
</testsuite> <!-- test.bankproject.iryna.AccountTest -->
