<?xml version="1.0" encoding="UTF-8"?>
<!-- Generated by org.testng.reporters.JUnitReportReporter -->
<testsuite hostname="DESKTOP-5HS7ID6" failures="0" tests="1" name="test.bankproject.iryna.BankTest" time="0.019" errors="0" timestamp="8 Dec 2023 22:42:51 GMT">
  <testcase classname="test.bankproject.iryna.BankTest" name="testBank" time="0.019"/>
</testsuite> <!-- test.bankproject.iryna.BankTest -->
